PS C:\Users\User Asus\source\repos\poc-data-architect-realtime-on-quarkus\docker> docker-compose up --build -d
Compose can now delegate builds to bake for better performance.
 To do so, set COMPOSE_BAKE=true.
[+] Building 31.1s (43/43) FINISHED                                                                                                                                                                                     docker:desktop-linux
 => [python-health-app internal] load build definition from Dockerfile.pyops                                                                                                                                                            0.0s
 => => transferring dockerfile: 458B                                                                                                                                                                                                    0.0s
 => [connect internal] load build definition from Dockerfile                                                                                                                                                                            0.0s
 => => transferring dockerfile: 322B                                                                                                                                                                                                    0.0s
 => [python-health-app internal] load metadata for docker.io/library/python:3.9-slim                                                                                                                                                    1.4s
 => [connect internal] load metadata for docker.io/debezium/connect:2.1                                                                                                                                                                 0.1s
 => [connect internal] load .dockerignore                                                                                                                                                                                               0.0s
 => => transferring context: 2B                                                                                                                                                                                                         0.0s
 => [connect 1/3] FROM docker.io/debezium/connect:2.1@sha256:fbb171a564b824d17d4f434e97aa79fc36b83027e8f203f76be65445186029ff                                                                                                           1.2s
 => => resolve docker.io/debezium/connect:2.1@sha256:fbb171a564b824d17d4f434e97aa79fc36b83027e8f203f76be65445186029ff                                                                                                                   1.2s
 => [connect internal] load build context                                                                                                                                                                                               0.1s
 => => transferring context: 151B                                                                                                                                                                                                       0.1s
 => [python-health-app auth] library/python:pull token for registry-1.docker.io                                                                                                                                                         0.0s
 => [connect auth] debezium/connect:pull token for registry-1.docker.io                                                                                                                                                                 0.0s
 => [python-health-app internal] load .dockerignore                                                                                                                                                                                     0.0s
 => => transferring context: 2B                                                                                                                                                                                                         0.0s
 => CACHED [connect 2/3] COPY ../connectors/debezium-connector-postgres.json /kafka/connectors/                                                                                                                                         0.0s
 => CACHED [connect 3/3] COPY ../connectors/mongo-sink-connector.json            /kafka/connectors/                                                                                                                                     0.0s
 => [python-health-app 1/6] FROM docker.io/library/python:3.9-slim@sha256:aff2066ec8914f7383e115bbbcde4d24da428eac377b0d4bb73806de992d240f                                                                                              0.1s
 => => resolve docker.io/library/python:3.9-slim@sha256:aff2066ec8914f7383e115bbbcde4d24da428eac377b0d4bb73806de992d240f                                                                                                                0.1s
 => [python-health-app internal] load build context                                                                                                                                                                                     8.4s
 => => transferring context: 67.68MB                                                                                                                                                                                                    8.3s
 => [connect] exporting to image                                                                                                                                                                                                        1.1s
 => => exporting layers                                                                                                                                                                                                                 0.1s
 => => exporting manifest sha256:31dabd4e78d337f0a711f038032024e8c12d392e149ce6230bd8e7ade0475594                                                                                                                                       0.0s
 => => exporting config sha256:98eff7c54a8a07164cf70be553f557f9aba28a68cf428c7d96be3e90254eb225                                                                                                                                         0.0s
 => => exporting attestation manifest sha256:d535e9a510efc9d532e412a95566081b41e034209347b7ff2445c717ba786811                                                                                                                           0.1s
 => => exporting manifest list sha256:8a1747718b0a9de0310b5dfc2759d6f20d208c407caafa425d03885f7d7bcae9                                                                                                                                  0.1s
 => => naming to docker.io/library/my-connect:2.1                                                                                                                                                                                       0.0s
 => => unpacking to docker.io/library/my-connect:2.1                                                                                                                                                                                    0.2s
 => [connect] resolving provenance for metadata file                                                                                                                                                                                    0.1s
 => CACHED [python-health-app 2/6] WORKDIR /app                                                                                                                                                                                         0.0s
 => CACHED [python-health-app 3/6] COPY requirements.txt ./                                                                                                                                                                             0.0s
 => CACHED [python-health-app 4/6] RUN pip install --no-cache-dir -r requirements.txt                                                                                                                                                   0.0s
 => [python-health-app 5/6] COPY . .                                                                                                                                                                                                   10.3s
 => [python-health-app 6/6] RUN adduser --disabled-password --gecos '' appuser                                                                                                                                                          0.8s
 => [python-health-app] exporting to image                                                                                                                                                                                              5.9s
 => => exporting layers                                                                                                                                                                                                                 4.5s
 => => exporting manifest sha256:0168c5f4f6d20dc54bc8beb015d0c57599851c9667d0efbe57069a06c938291a                                                                                                                                       0.0s
 => => exporting config sha256:b6f723970e7d4c425e7ca750a7ae8f737567934299e5c74f4830b7e4b3c9200b                                                                                                                                         0.1s
 => => exporting attestation manifest sha256:c0db2c1c07028fd136b86933f76e29d70e65af5ae1cf0a2e5d916a39c7c6aa4c                                                                                                                           0.1s
 => => exporting manifest list sha256:f4f03013973899ad21eae215e369f4e2ec396593294ef8514dd781f37d98bc7c                                                                                                                                  0.0s
 => => naming to docker.io/library/python-health-app:latest                                                                                                                                                                             0.0s
 => => unpacking to docker.io/library/python-health-app:latest                                                                                                                                                                          1.0s
 => [python-health-app] resolving provenance for metadata file                                                                                                                                                                          0.0s
 => [quarkus-app internal] load build definition from Dockerfile                                                                                                                                                                        0.1s
 => => transferring dockerfile: 561B                                                                                                                                                                                                    0.0s
 => [quarkus-app internal] load metadata for docker.io/library/maven:3.8.6-openjdk-11                                                                                                                                                   1.1s
 => [quarkus-app internal] load metadata for docker.io/library/openjdk:11-jre-slim                                                                                                                                                      1.1s
 => [quarkus-app auth] library/maven:pull token for registry-1.docker.io                                                                                                                                                                0.0s
 => [quarkus-app auth] library/openjdk:pull token for registry-1.docker.io                                                                                                                                                              0.0s
 => [quarkus-app internal] load .dockerignore                                                                                                                                                                                           0.0s
 => => transferring context: 2B                                                                                                                                                                                                         0.0s
 => [quarkus-app build 1/5] FROM docker.io/library/maven:3.8.6-openjdk-11@sha256:805f366910aea2a91ed263654d23df58bd239f218b2f9562ff51305be81fa215                                                                                       0.1s
 => => resolve docker.io/library/maven:3.8.6-openjdk-11@sha256:805f366910aea2a91ed263654d23df58bd239f218b2f9562ff51305be81fa215                                                                                                         0.1s
 => [quarkus-app internal] load build context                                                                                                                                                                                           0.1s
 => => transferring context: 845B                                                                                                                                                                                                       0.0s
 => [quarkus-app stage-1 1/6] FROM docker.io/library/openjdk:11-jre-slim@sha256:93af7df2308c5141a751c4830e6b6c5717db102b3b31f012ea29d842dc4f2b02                                                                                        0.1s
 => => resolve docker.io/library/openjdk:11-jre-slim@sha256:93af7df2308c5141a751c4830e6b6c5717db102b3b31f012ea29d842dc4f2b02                                                                                                            0.1s
 => CACHED [quarkus-app stage-1 2/6] WORKDIR /app                                                                                                                                                                                       0.0s
 => CACHED [quarkus-app build 2/5] WORKDIR /app                                                                                                                                                                                         0.0s
 => CACHED [quarkus-app build 3/5] COPY pom.xml .                                                                                                                                                                                       0.0s
 => CACHED [quarkus-app build 4/5] COPY src ./src                                                                                                                                                                                       0.0s
 => CACHED [quarkus-app build 5/5] RUN mvn clean package -DskipTests                                                                                                                                                                    0.0s
 => CACHED [quarkus-app stage-1 3/6] COPY --from=build /app/target/quarkus-app/lib/ /app/lib/                                                                                                                                           0.0s
 => CACHED [quarkus-app stage-1 4/6] COPY --from=build /app/target/quarkus-app/*.jar /app/                                                                                                                                              0.0s
 => CACHED [quarkus-app stage-1 5/6] COPY --from=build /app/target/quarkus-app/app/ /app/app/                                                                                                                                           0.0s
 => CACHED [quarkus-app stage-1 6/6] COPY --from=build /app/target/quarkus-app/quarkus/ /app/quarkus/                                                                                                                                   0.0s
 => [quarkus-app] exporting to image                                                                                                                                                                                                    0.3s
 => => exporting layers                                                                                                                                                                                                                 0.0s
 => => exporting manifest sha256:eba5879e7f8bacb746ff6ed0ee88e9b4064afb2a1b1a3476758052cc95d51e4d                                                                                                                                       0.0s
 => => exporting config sha256:09182b14c764420cc78c6ecb44bb034f4265e581fae472ae1954a2a7b834698d                                                                                                                                         0.0s
 => => exporting attestation manifest sha256:eaa77370eb21fd7d5581917f4ef1b9d901513d8ce3392ca1a757786dc62a90ba                                                                                                                           0.1s
 => => exporting manifest list sha256:58d6f23b4cc1eb795f27289f7c6a65f76fc04089b56ec753b794d97227b6bc1a                                                                                                                                  0.0s
 => => naming to docker.io/library/quarkus-app:latest                                                                                                                                                                                   0.0s
 => => unpacking to docker.io/library/quarkus-app:latest                                                                                                                                                                                0.0s
 => [quarkus-app] resolving provenance for metadata file                                                                                                                                                                                0.1s
[+] Running 12/13
 ✔ connect                               Built                                                                                                                                                                                          0.0s
 ✔ python-health-app                     Built                                                                                                                                                                                          0.0s
 ✔ quarkus-app                           Built                                                                                                                                                                                          0.0s
 ✔ Network docker_omura-network          Created                                                                                                                                                                                        0.1s
 ✔ Volume "docker_mongo_data"            Created                                                                                                                                                                                        0.0s
 ✔ Volume "docker_postgres_data"         Created                                                                                                                                                                                        0.0s
 ✔ Container docker-mongodb-1            Started                                                                                                                                                                                        3.6s
 ✔ Container docker-zookeeper-1          Started                                                                                                                                                                                        3.5s
 - Container docker-postgres-1           Starting                                                                                                                                                                                       3.6s
 ✔ Container docker-kafka-1              Created                                                                                                                                                                                        0.5s
 ✔ Container docker-python-health-app-1  Created                                                                                                                                                                                        0.5s
 ✔ Container docker-connect-1            Created                                                                                                                                                                                        0.7s
 ✔ Container docker-quarkus-app-1        Created                                                                                                                                                                                        0.4s
Error response from daemon: error while creating mount source path '/run/desktop/mnt/host/c/Users/User Asus/Source/repos/poc-data-architect-realtime-on-quarkus/docker/postgres-init.sql': mkdir /run/desktop/mnt/host/c: file exists